<?xml version="1.0" encoding="UTF-8"?>
<!-- Generated by org.testng.reporters.JUnitXMLReporter -->
<testsuite ignored="0" hostname="User-PC" failures="1" tests="9" name="Command line test" time="0.11" errors="0" timestamp="2022-11-28T18:15:14 UZT">
  <testcase classname="FirstTestCase" name="loginApplication" time="0.0"/>
  <testcase classname="FirstTestCase" name="selectItems" time="0.0"/>
  <testcase classname="FirstTestCase" name="checkout" time="0.0"/>
  <testcase classname="listeners.ListenerTest" name="test1" time="0.0"/>
  <testcase classname="listeners.ListenerTest" name="test2" time="0.031">
    <failure type="java.lang.AssertionError" message="expected [B] but found [A]">
      <![CDATA[java.lang.AssertionError: expected [B] but found [A]
at listeners.ListenerTest.test2(ListenerTest.java:21)
at java.base/java.util.ArrayList.forEach(ArrayList.java:1541)
... Removed 43 stack frames]]>
    </failure>
  </testcase> <!-- test2 -->
  <testcase classname="listeners.ListenerTest" name="test3" time="0.0">
    <skipped/>
  </testcase> <!-- test3 -->
  <testcase classname="SecondTestCase" name="setup" time="0.0"/>
  <testcase classname="SecondTestCase" name="searchCustomer" time="0.0"/>
  <testcase classname="SecondTestCase" name="addCustomer" time="0.0"/>
</testsuite> <!-- Command line test -->
