<?xml version="1.0" encoding="UTF-8"?>
<testsuite xmlns:xsi="http://www.w3.org/2001/XMLSchema-instance" xsi:noNamespaceSchemaLocation="https://maven.apache.org/surefire/maven-surefire-plugin/xsd/surefire-test-report-3.0.xsd" version="3.0" name="TestSuite" time="54.794" tests="18" errors="0" skipped="1" failures="3">
  <properties>
[...]
</properties>
  <testcase name="setup" classname="SecondTestCase" time="0.012">
    <system-out><![CDATA[Starts test execution.......FirsTestCase
Start test .......loginApplication
Start test .......setup
setup
loginApplication
Passed test .......loginApplication
Passed test .......setup
]]></system-out>
  </testcase>
  <testcase name="searchCustomer" classname="SecondTestCase" time="0.003">
    <system-out><![CDATA[Passed test .......searchCustomer
]]></system-out>
  </testcase>
  <testcase name="addCustomer" classname="SecondTestCase" time="0">
    <system-out><![CDATA[Start test .......addCustomer
addCustomer
Passed test .......addCustomer
]]></system-out>
  </testcase>
  <testcase name="loginApplication" classname="FirstTestCase" time="0.013"/>
  <testcase name="selectItems" classname="FirstTestCase" time="0.001">
    <system-out><![CDATA[Start test .......selectItems
Start test .......searchCustomer
selectItems
searchCustomer
Passed test .......selectItems
]]></system-out>
  </testcase>
  <testcase name="checkout" classname="FirstTestCase" time="0">
    <system-out><![CDATA[Start test .......checkout
selectItems
Passed test .......checkout
]]></system-out>
  </testcase>
  <testcase name="test3" classname="GroupingExample" time="0">
    <system-out><![CDATA[Finish test execution.......FirsTestCase
Starts test execution.......groupingtest
Start test .......test3
test3: regression
Passed test .......test3
]]></system-out>
  </testcase>
  <testcase name="test4" classname="GroupingExample" time="0">
    <system-out><![CDATA[Start test .......test4
test4: regression
Passed test .......test4
]]></system-out>
  </testcase>
  <testcase name="logoTest" classname="ParametersExample" time="0.074">
    <failure message="no such element: Unable to locate element: {&quot;method&quot;:&quot;xpath&quot;,&quot;selector&quot;:&quot;//*[@id=&quot;app&quot;]/div[1]/div/div[1]/div/div[1]/img&quot;}&#10;  (Session info: chrome=107.0.5304.107)&#10;For documentation on this error, please visit: https://selenium.dev/exceptions/#no_such_element&#10;Build info: version: &apos;4.5.0&apos;, revision: &apos;fe167b119a&apos;&#10;System info: os.name: &apos;Windows 10&apos;, os.arch: &apos;amd64&apos;, os.version: &apos;10.0&apos;, java.version: &apos;11.0.12&apos;&#10;Driver info: org.openqa.selenium.chrome.ChromeDriver&#10;Command: [2c17b4a058ce6f55bc2afb70607531c2, findElement {using=xpath, value=//*[@id=&quot;app&quot;]/div[1]/div/div[1]/div/div[1]/img}]&#10;Capabilities {acceptInsecureCerts: false, browserName: chrome, browserVersion: 107.0.5304.107, chrome: {chromedriverVersion: 106.0.5249.61 (511755355844..., userDataDir: C:\Users\User\AppData\Local...}, goog:chromeOptions: {debuggerAddress: localhost:10663}, networkConnectionEnabled: false, pageLoadStrategy: normal, platformName: WINDOWS, proxy: Proxy(), se:cdp: ws://localhost:10663/devtoo..., se:cdpVersion: 107.0.5304.107, setWindowRect: true, strictFileInteractability: false, timeouts: {implicit: 0, pageLoad: 300000, script: 30000}, unhandledPromptBehavior: dismiss and notify, webauthn:extension:credBlob: true, webauthn:extension:largeBlob: true, webauthn:virtualAuthenticators: true}&#10;Session ID: 2c17b4a058ce6f55bc2afb70607531c2" type="org.openqa.selenium.NoSuchElementException"><![CDATA[org.openqa.selenium.NoSuchElementException: 
no such element: Unable to locate element: {"method":"xpath","selector":"//*[@id="app"]/div[1]/div/div[1]/div/div[1]/img"}
  (Session info: chrome=107.0.5304.107)
For documentation on this error, please visit: https://selenium.dev/exceptions/#no_such_element
Build info: version: '4.5.0', revision: 'fe167b119a'
System info: os.name: 'Windows 10', os.arch: 'amd64', os.version: '10.0', java.version: '11.0.12'
Driver info: org.openqa.selenium.chrome.ChromeDriver
Command: [2c17b4a058ce6f55bc2afb70607531c2, findElement {using=xpath, value=//*[@id="app"]/div[1]/div/div[1]/div/div[1]/img}]
Capabilities {acceptInsecureCerts: false, browserName: chrome, browserVersion: 107.0.5304.107, chrome: {chromedriverVersion: 106.0.5249.61 (511755355844..., userDataDir: C:\Users\User\AppData\Local...}, goog:chromeOptions: {debuggerAddress: localhost:10663}, networkConnectionEnabled: false, pageLoadStrategy: normal, platformName: WINDOWS, proxy: Proxy(), se:cdp: ws://localhost:10663/devtoo..., se:cdpVersion: 107.0.5304.107, setWindowRect: true, strictFileInteractability: false, timeouts: {implicit: 0, pageLoad: 300000, script: 30000}, unhandledPromptBehavior: dismiss and notify, webauthn:extension:credBlob: true, webauthn:extension:largeBlob: true, webauthn:virtualAuthenticators: true}
Session ID: 2c17b4a058ce6f55bc2afb70607531c2
	at ParametersExample.logoTest(ParametersExample.java:34)
]]></failure>
    <system-out><![CDATA[Finish test execution.......groupingtest
Starts test execution.......parameterstestedge
Start test .......logoTest
Failed test .......logoTest
]]></system-out>
    <system-err><![CDATA[Starting ChromeDriver 106.0.5249.61 (511755355844955cd3e264779baf0dd38212a4d0-refs/branch-heads/5249@{#569}) on port 60368
Only local connections are allowed.
Please see https://chromedriver.chromium.org/security-considerations for suggestions on keeping ChromeDriver safe.
ChromeDriver was started successfully.
[1669641627.618][WARNING]: This version of ChromeDriver has not been tested with Chrome version 107.
Nov 28, 2022 6:20:27 PM org.openqa.selenium.remote.ProtocolHandshake createSession
INFO: Detected upstream dialect: W3C
Nov 28, 2022 6:20:27 PM org.openqa.selenium.devtools.CdpVersionFinder findNearestMatch
WARNING: Unable to find an exact match for CDP version 107, so returning the closest version found: a no-op implementation
Nov 28, 2022 6:20:27 PM org.openqa.selenium.devtools.CdpVersionFinder findNearestMatch
INFO: Unable to find CDP implementation matching 107.
Nov 28, 2022 6:20:27 PM org.openqa.selenium.chromium.ChromiumDriver lambda$new$3
WARNING: Unable to find version of CDP to use for . You may need to include a dependency on a specific version of the CDP using something similar to `org.seleniumhq.selenium:selenium-devtools-v86:4.5.0` where the version ("v86") matches the version of the chromium-based browser you're using and the version number of the artifact is the same as Selenium's.
]]></system-err>
  </testcase>
  <testcase name="logoTest" classname="ParametersExample" time="0.017">
    <failure message="no such element: Unable to locate element: {&quot;method&quot;:&quot;xpath&quot;,&quot;selector&quot;:&quot;//*[@id=&quot;app&quot;]/div[1]/div/div[1]/div/div[1]/img&quot;}&#10;  (Session info: chrome=107.0.5304.107)&#10;For documentation on this error, please visit: https://selenium.dev/exceptions/#no_such_element&#10;Build info: version: &apos;4.5.0&apos;, revision: &apos;fe167b119a&apos;&#10;System info: os.name: &apos;Windows 10&apos;, os.arch: &apos;amd64&apos;, os.version: &apos;10.0&apos;, java.version: &apos;11.0.12&apos;&#10;Driver info: org.openqa.selenium.chrome.ChromeDriver&#10;Command: [1fd16ddd2f005a9202fab937e9a114a8, findElement {using=xpath, value=//*[@id=&quot;app&quot;]/div[1]/div/div[1]/div/div[1]/img}]&#10;Capabilities {acceptInsecureCerts: false, browserName: chrome, browserVersion: 107.0.5304.107, chrome: {chromedriverVersion: 106.0.5249.61 (511755355844..., userDataDir: C:\Users\User\AppData\Local...}, goog:chromeOptions: {debuggerAddress: localhost:10693}, networkConnectionEnabled: false, pageLoadStrategy: normal, platformName: WINDOWS, proxy: Proxy(), se:cdp: ws://localhost:10693/devtoo..., se:cdpVersion: 107.0.5304.107, setWindowRect: true, strictFileInteractability: false, timeouts: {implicit: 0, pageLoad: 300000, script: 30000}, unhandledPromptBehavior: dismiss and notify, webauthn:extension:credBlob: true, webauthn:extension:largeBlob: true, webauthn:virtualAuthenticators: true}&#10;Session ID: 1fd16ddd2f005a9202fab937e9a114a8" type="org.openqa.selenium.NoSuchElementException"><![CDATA[org.openqa.selenium.NoSuchElementException: 
no such element: Unable to locate element: {"method":"xpath","selector":"//*[@id="app"]/div[1]/div/div[1]/div/div[1]/img"}
  (Session info: chrome=107.0.5304.107)
For documentation on this error, please visit: https://selenium.dev/exceptions/#no_such_element
Build info: version: '4.5.0', revision: 'fe167b119a'
System info: os.name: 'Windows 10', os.arch: 'amd64', os.version: '10.0', java.version: '11.0.12'
Driver info: org.openqa.selenium.chrome.ChromeDriver
Command: [1fd16ddd2f005a9202fab937e9a114a8, findElement {using=xpath, value=//*[@id="app"]/div[1]/div/div[1]/div/div[1]/img}]
Capabilities {acceptInsecureCerts: false, browserName: chrome, browserVersion: 107.0.5304.107, chrome: {chromedriverVersion: 106.0.5249.61 (511755355844..., userDataDir: C:\Users\User\AppData\Local...}, goog:chromeOptions: {debuggerAddress: localhost:10693}, networkConnectionEnabled: false, pageLoadStrategy: normal, platformName: WINDOWS, proxy: Proxy(), se:cdp: ws://localhost:10693/devtoo..., se:cdpVersion: 107.0.5304.107, setWindowRect: true, strictFileInteractability: false, timeouts: {implicit: 0, pageLoad: 300000, script: 30000}, unhandledPromptBehavior: dismiss and notify, webauthn:extension:credBlob: true, webauthn:extension:largeBlob: true, webauthn:virtualAuthenticators: true}
Session ID: 1fd16ddd2f005a9202fab937e9a114a8
	at ParametersExample.logoTest(ParametersExample.java:34)
]]></failure>
    <system-out><![CDATA[Finish test execution.......parameterstestedge
Starts test execution.......parameterstestchrome
Start test .......logoTest
Failed test .......logoTest
]]></system-out>
    <system-err><![CDATA[Starting ChromeDriver 106.0.5249.61 (511755355844955cd3e264779baf0dd38212a4d0-refs/branch-heads/5249@{#569}) on port 53997
Only local connections are allowed.
Please see https://chromedriver.chromium.org/security-considerations for suggestions on keeping ChromeDriver safe.
ChromeDriver was started successfully.
[1669641635.781][WARNING]: This version of ChromeDriver has not been tested with Chrome version 107.
Nov 28, 2022 6:20:35 PM org.openqa.selenium.remote.ProtocolHandshake createSession
INFO: Detected upstream dialect: W3C
Nov 28, 2022 6:20:35 PM org.openqa.selenium.devtools.CdpVersionFinder findNearestMatch
WARNING: Unable to find an exact match for CDP version 107, so returning the closest version found: a no-op implementation
Nov 28, 2022 6:20:35 PM org.openqa.selenium.devtools.CdpVersionFinder findNearestMatch
INFO: Unable to find CDP implementation matching 107.
Nov 28, 2022 6:20:35 PM org.openqa.selenium.chromium.ChromiumDriver lambda$new$3
WARNING: Unable to find version of CDP to use for . You may need to include a dependency on a specific version of the CDP using something similar to `org.seleniumhq.selenium:selenium-devtools-v86:4.5.0` where the version ("v86") matches the version of the chromium-based browser you're using and the version number of the artifact is the same as Selenium's.
]]></system-err>
  </testcase>
  <testcase name="homePageTitle" classname="ParametersExample" time="0.008">
    <system-out><![CDATA[Start test .......homePageTitle
Passed test .......homePageTitle
]]></system-out>
  </testcase>
  <testcase name="homePageTitle" classname="ParametersExample" time="0.006">
    <system-out><![CDATA[Start test .......homePageTitle
Passed test .......homePageTitle
]]></system-out>
  </testcase>
  <testcase name="loginTest" classname="paralleltesting.ParallelTest2" time="14.652">
    <system-out><![CDATA[Finish test execution.......parameterstestchrome
Starts test execution.......paralleltest
Start test .......loginTest
Start test .......homePageTitle
Passed test .......loginTest
]]></system-out>
    <system-err><![CDATA[StSartitng ChromartinegDr iCvhreor 106.m0e.D5r2i4v9e.r 6110 (511755355844955cd3e264779baf0dd38212a4d0-refs/bra6nc.h-h0e.5a2d4s9/.56214 (5191@7{5#5536595}8)4 4o9n5 5pcodr3t e62362407679
bafO0ndldy3 82l1o2caa4ld0 -corenfnse/cbtriaonncsh -ahreea dsa/l5l2ow4e9d@{.#56
9}P)l eoans peo rste e5 h70t5t9p
sO:n//lcyh romedlocriavl ecro.ncnhercotimoium.org/snesc uarriet allyo-wcedon.si
dPeleraastei osnese  fhotrtps :su/g/cgehsrtoiomnesd roivne rke.cehpriomnigu m.Corhgr/soemcueriDtryi-vecorns idseraaftieo.ns 
for suggestions on keeping ChromeDriver safe.
CChhrroommeeDDrriivevre rw awsas  sstartteadr tseudc cseuscscfeuslslfyu.ll
y.
[1669641645.565][WARNING]: This version of ChromeDriver has not been tested with Chrome version 107.
Nov 28, 2022 6:20:45 PM org.openqa.selenium.remote.ProtocolHandshake createSession
INFO: Detected upstream dialect: W3C
Nov 28, 2022 6:20:45 PM org.openqa.selenium.devtools.CdpVersionFinder findNearestMatch
WARNING: Unable to find an exact match for CDP version 107, so returning the closest version found: a no-op implementation
Nov 28, 2022 6:20:45 PM org.openqa.selenium.devtools.CdpVersionFinder findNearestMatch
INFO: Unable to find CDP implementation matching 107.
Nov 28, 2022 6:20:45 PM org.openqa.selenium.chromium.ChromiumDriver lambda$new$3
WARNING: Unable to find version of CDP to use for . You may need to include a dependency on a specific version of the CDP using something similar to `org.seleniumhq.selenium:selenium-devtools-v86:4.5.0` where the version ("v86") matches the version of the chromium-based browser you're using and the version number of the artifact is the same as Selenium's.
[1669641645.763][WARNING]: This version of ChromeDriver has not been tested with Chrome version 107.
Nov 28, 2022 6:20:45 PM org.openqa.selenium.remote.ProtocolHandshake createSession
INFO: Detected upstream dialect: W3C
Nov 28, 2022 6:20:45 PM org.openqa.selenium.devtools.CdpVersionFinder findNearestMatch
WARNING: Unable to find an exact match for CDP version 107, so returning the closest version found: a no-op implementation
Nov 28, 2022 6:20:45 PM org.openqa.selenium.devtools.CdpVersionFinder findNearestMatch
INFO: Unable to find CDP implementation matching 107.
Nov 28, 2022 6:20:45 PM org.openqa.selenium.chromium.ChromiumDriver lambda$new$3
WARNING: Unable to find version of CDP to use for . You may need to include a dependency on a specific version of the CDP using something similar to `org.seleniumhq.selenium:selenium-devtools-v86:4.5.0` where the version ("v86") matches the version of the chromium-based browser you're using and the version number of the artifact is the same as Selenium's.
]]></system-err>
  </testcase>
  <testcase name="homePageTitle" classname="paralleltesting.ParallelTest1" time="15.097">
    <system-out><![CDATA[Passed test .......homePageTitle
]]></system-out>
  </testcase>
  <testcase name="logoTest" classname="paralleltesting.ParallelTest1" time="17.36">
    <system-out><![CDATA[Start test .......logoTest
Passed test .......logoTest
]]></system-out>
    <system-err><![CDATA[Starting ChromeDriver 106.0.5249.61 (511755355844955cd3e264779baf0dd38212a4d0-refs/branch-heads/5249@{#569}) on port 53970
Only local connections are allowed.
Please see https://chromedriver.chromium.org/security-considerations for suggestions on keeping ChromeDriver safe.
ChromeDriver was started successfully.
[1669641659.261][WARNING]: This version of ChromeDriver has not been tested with Chrome version 107.
Nov 28, 2022 6:20:59 PM org.openqa.selenium.remote.ProtocolHandshake createSession
INFO: Detected upstream dialect: W3C
Nov 28, 2022 6:20:59 PM org.openqa.selenium.devtools.CdpVersionFinder findNearestMatch
WARNING: Unable to find an exact match for CDP version 107, so returning the closest version found: a no-op implementation
Nov 28, 2022 6:20:59 PM org.openqa.selenium.devtools.CdpVersionFinder findNearestMatch
INFO: Unable to find CDP implementation matching 107.
Nov 28, 2022 6:20:59 PM org.openqa.selenium.chromium.ChromiumDriver lambda$new$3
WARNING: Unable to find version of CDP to use for . You may need to include a dependency on a specific version of the CDP using something similar to `org.seleniumhq.selenium:selenium-devtools-v86:4.5.0` where the version ("v86") matches the version of the chromium-based browser you're using and the version number of the artifact is the same as Selenium's.
]]></system-err>
  </testcase>
  <testcase name="test1" classname="listeners.ListenerTest" time="0.001">
    <system-out><![CDATA[Finish test execution.......paralleltest
Starts test execution.......listenerstest
Start test .......test1
test1
Passed test .......test1
]]></system-out>
  </testcase>
  <testcase name="test2" classname="listeners.ListenerTest" time="0.014">
    <failure message="expected [B] but found [A]" type="java.lang.AssertionError"><![CDATA[java.lang.AssertionError: expected [B] but found [A]
	at listeners.ListenerTest.test2(ListenerTest.java:21)
]]></failure>
    <system-out><![CDATA[Start test .......test2
test2
Failed test .......test2
]]></system-out>
  </testcase>
  <testcase name="test3" classname="listeners.ListenerTest" time="0">
    <skipped message="this is skip exception"/>
    <system-out><![CDATA[Start test .......test3
test3
Skipped test .......test3
]]></system-out>
  </testcase>
</testsuite>