<?xml version="1.0" encoding="UTF-8" ?>
<testsuite tests="9" failures="1" name="TestSuite" time="0.047" errors="0" skipped="1">
  <properties>
[...]
</properties>
  <testcase classname="FirstTestCase" name="loginApplication" time="0.016"/>
  <testcase classname="FirstTestCase" name="selectItems" time="0"/>
  <testcase classname="FirstTestCase" name="checkout" time="0"/>
  <testcase classname="listeners.ListenerTest" name="test1" time="0"/>
  <testcase classname="listeners.ListenerTest" name="test2" time="0.031">
    <failure message="expected [B] but found [A]" type="java.lang.AssertionError">java.lang.AssertionError: expected [B] but found [A]
	at org.testng.Assert.fail(Assert.java:110)
	at org.testng.Assert.failNotEquals(Assert.java:1413)
	at org.testng.Assert.assertEqualsImpl(Assert.java:149)
	at org.testng.Assert.assertEquals(Assert.java:131)
	at org.testng.Assert.assertEquals(Assert.java:655)
	at org.testng.Assert.assertEquals(Assert.java:665)
	at listeners.ListenerTest.test2(ListenerTest.java:21)
</failure>
    <system-out>test2
</system-out>
  </testcase>
  <testcase classname="listeners.ListenerTest" name="test3" time="0">
    <skipped/>
    <system-out>test3
</system-out>
  </testcase>
  <testcase classname="SecondTestCase" name="setup" time="0"/>
  <testcase classname="SecondTestCase" name="searchCustomer" time="0"/>
  <testcase classname="SecondTestCase" name="addCustomer" time="0"/>
</testsuite>