<?xml version="1.0" encoding="UTF-8"?>
<!-- Generated by org.testng.reporters.JUnitXMLReporter -->
<testsuite ignored="0" hostname="User-PC" failures="0" tests="6" name="FirsTestCase" time="0.116" errors="0" timestamp="2022-11-28T18:15:52 UZT">
  <testcase classname="SecondTestCase" name="setup" time="0.016"/>
  <testcase classname="FirstTestCase" name="loginApplication" time="0.016"/>
  <testcase classname="FirstTestCase" name="selectItems" time="0.0"/>
  <testcase classname="FirstTestCase" name="checkout" time="0.0"/>
  <testcase classname="SecondTestCase" name="searchCustomer" time="0.0"/>
  <testcase classname="SecondTestCase" name="addCustomer" time="0.0"/>
</testsuite> <!-- FirsTestCase -->
