<?xml version="1.0" encoding="UTF-8"?>
<!-- Generated by org.testng.reporters.JUnitXMLReporter -->
<testsuite ignored="3" hostname="User-PC" failures="0" tests="2" name="groupingtest" time="0.089" errors="0" timestamp="2022-11-28T18:20:23 UZT">
  <testcase classname="GroupingExample" name="test3" time="0.0"/>
  <testcase classname="GroupingExample" name="test4" time="0.001"/>
  <testcase classname="GroupingExample" name="test5" time="0.0">
    <ignored/>
  </testcase> <!-- test5 -->
  <testcase classname="GroupingExample" name="test1" time="0.0">
    <ignored/>
  </testcase> <!-- test1 -->
  <testcase classname="GroupingExample" name="test2" time="0.0">
    <ignored/>
  </testcase> <!-- test2 -->
</testsuite> <!-- groupingtest -->
