<?xml version="1.0" encoding="UTF-8"?>
<!-- Generated by org.testng.reporters.JUnitXMLReporter -->
<testsuite ignored="0" hostname="User-PC" failures="1" tests="3" name="listenerstest" time="0.019" errors="0" timestamp="2022-11-28T18:21:15 UZT">
  <testcase classname="listeners.ListenerTest" name="test1" time="0.0"/>
  <testcase classname="listeners.ListenerTest" name="test2" time="0.013">
    <failure type="java.lang.AssertionError" message="expected [B] but found [A]">
      <![CDATA[java.lang.AssertionError: expected [B] but found [A]
at listeners.ListenerTest.test2(ListenerTest.java:21)
at java.base/java.util.concurrent.ThreadPoolExecutor.runWorker(ThreadPoolExecutor.java:1128)
at java.base/java.util.concurrent.ThreadPoolExecutor$Worker.run(ThreadPoolExecutor.java:628)
at java.base/java.lang.Thread.run(Thread.java:834)
... Removed 18 stack frames]]>
    </failure>
  </testcase> <!-- test2 -->
  <testcase classname="listeners.ListenerTest" name="test3" time="0.001">
    <skipped/>
  </testcase> <!-- test3 -->
</testsuite> <!-- listenerstest -->
