<?xml version="1.0" encoding="UTF-8"?>
<!-- Generated by org.testng.reporters.JUnitXMLReporter -->
<testsuite ignored="0" hostname="User-PC" failures="0" tests="3" name="paralleltest" time="33.164" errors="0" timestamp="2022-11-28T18:21:15 UZT">
  <testcase classname="paralleltesting.ParallelTest2" name="loginTest" time="14.645"/>
  <testcase classname="paralleltesting.ParallelTest1" name="homePageTitle" time="15.097"/>
  <testcase classname="paralleltesting.ParallelTest1" name="logoTest" time="17.353"/>
</testsuite> <!-- paralleltest -->
